This file contains any messages produced by compilers while
running configure, to aid debugging if configure makes a mistake.

It was created by thinkpad configure 0.1, which was
generated by GNU Autoconf 2.61.  Invocation command line was

  $ ./configure 

## --------- ##
## Platform. ##
## --------- ##

hostname = thinktank
uname -m = i686
uname -r = 2.6.23-hardened-r4
uname -s = Linux
uname -v = #2 PREEMPT Fri Dec 28 21:52:32 CET 2007

/usr/bin/uname -p = Intel(R) Pentium(R) M processor 1400MHz
/bin/uname -X     = unknown

/bin/arch              = i686
/usr/bin/arch -k       = i686
/usr/convex/getsysinfo = unknown
/usr/bin/hostinfo      = unknown
/bin/machine           = unknown
/usr/bin/oslevel       = unknown
/bin/universe          = unknown

PATH: /usr/local/sbin
PATH: /usr/local/bin
PATH: /usr/sbin
PATH: /usr/bin
PATH: /sbin
PATH: /bin
PATH: /opt/bin
PATH: /usr/i686-pc-linux-gnu/gcc-bin/3.4.6
PATH: /usr/i686-pc-linux-gnu/gcc-bin/4.1.2
PATH: /opt/blackdown-jdk-1.4.2.03/bin
PATH: /opt/blackdown-jdk-1.4.2.03/jre/bin
PATH: /usr/kde/3.5/sbin
PATH: /usr/kde/3.5/bin
PATH: /usr/qt/3/bin
PATH: /opt/vmware/player/bin


## ----------- ##
## Core tests. ##
## ----------- ##

configure:1731: checking for a BSD-compatible install
configure:1787: result: /usr/bin/install -c
configure:1798: checking whether build environment is sane
configure:1841: result: yes
configure:1869: checking for a thread-safe mkdir -p
configure:1908: result: /bin/mkdir -p
configure:1921: checking for gawk
configure:1937: found /usr/bin/gawk
configure:1948: result: gawk
configure:1959: checking whether make sets $(MAKE)
configure:1980: result: yes
configure:2216: checking for gcc
configure:2232: found /usr/bin/gcc
configure:2243: result: gcc
configure:2481: checking for C compiler version
configure:2488: gcc --version >&5
gcc (GCC) 4.1.2 (Gentoo 4.1.2 p1.0.2)
Copyright (C) 2006 Free Software Foundation, Inc.
This is free software; see the source for copying conditions.  There is NO
warranty; not even for MERCHANTABILITY or FITNESS FOR A PARTICULAR PURPOSE.

configure:2491: $? = 0
configure:2498: gcc -v >&5
Using built-in specs.
Target: i686-pc-linux-gnu
Configured with: /home/gentoo/portage/tmp/portage/sys-devel/gcc-4.1.2/work/gcc-4.1.2/configure --prefix=/usr --bindir=/usr/i686-pc-linux-gnu/gcc-bin/4.1.2 --includedir=/usr/lib/gcc/i686-pc-linux-gnu/4.1.2/include --datadir=/usr/share/gcc-data/i686-pc-linux-gnu/4.1.2 --mandir=/usr/share/gcc-data/i686-pc-linux-gnu/4.1.2/man --infodir=/usr/share/gcc-data/i686-pc-linux-gnu/4.1.2/info --with-gxx-include-dir=/usr/lib/gcc/i686-pc-linux-gnu/4.1.2/include/g++-v4 --host=i686-pc-linux-gnu --build=i686-pc-linux-gnu --disable-altivec --enable-nls --without-included-gettext --with-system-zlib --disable-checking --disable-werror --enable-secureplt --disable-libunwind-exceptions --disable-multilib --enable-libmudflap --disable-libssp --disable-libgcj --with-arch=i686 --enable-languages=c,c++,fortran --enable-shared --enable-threads=posix --enable-__cxa_atexit --enable-clocale=gnu
Thread model: posix
gcc version 4.1.2 (Gentoo 4.1.2 p1.0.2)
configure:2501: $? = 0
configure:2508: gcc -V >&5
gcc: '-V' option must have argument
configure:2511: $? = 1
configure:2534: checking for C compiler default output file name
configure:2561: gcc    conftest.c  >&5
configure:2564: $? = 0
configure:2602: result: a.out
configure:2619: checking whether the C compiler works
configure:2629: ./a.out
configure:2632: $? = 0
configure:2649: result: yes
configure:2656: checking whether we are cross compiling
configure:2658: result: no
configure:2661: checking for suffix of executables
configure:2668: gcc -o conftest    conftest.c  >&5
configure:2671: $? = 0
configure:2695: result: 
configure:2701: checking for suffix of object files
configure:2727: gcc -c   conftest.c >&5
configure:2730: $? = 0
configure:2753: result: o
configure:2757: checking whether we are using the GNU C compiler
configure:2786: gcc -c   conftest.c >&5
configure:2792: $? = 0
configure:2809: result: yes
configure:2814: checking whether gcc accepts -g
configure:2844: gcc -c -g  conftest.c >&5
configure:2850: $? = 0
configure:2949: result: yes
configure:2966: checking for gcc option to accept ISO C89
configure:3040: gcc  -c -g -O2  conftest.c >&5
configure:3046: $? = 0
configure:3069: result: none needed
configure:3098: checking for style of include used by make
configure:3126: result: GNU
configure:3151: checking dependency style of gcc
configure:3242: result: gcc3
configure:3375: creating ./config.status

## ---------------------- ##
## Running config.status. ##
## ---------------------- ##

This file was extended by thinkpad config.status 0.1, which was
generated by GNU Autoconf 2.61.  Invocation command line was

  CONFIG_FILES    = 
  CONFIG_HEADERS  = 
  CONFIG_LINKS    = 
  CONFIG_COMMANDS = 
  $ ./config.status 

on thinktank

config.status:633: creating Makefile
config.status:633: creating src/Makefile
config.status:633: creating config.h
config.status:849: config.h is unchanged
config.status:895: executing depfiles commands

## ---------------- ##
## Cache variables. ##
## ---------------- ##

ac_cv_c_compiler_gnu=yes
ac_cv_env_CC_set=
ac_cv_env_CC_value=
ac_cv_env_CFLAGS_set=
ac_cv_env_CFLAGS_value=
ac_cv_env_CPPFLAGS_set=
ac_cv_env_CPPFLAGS_value=
ac_cv_env_LDFLAGS_set=
ac_cv_env_LDFLAGS_value=
ac_cv_env_LIBS_set=
ac_cv_env_LIBS_value=
ac_cv_env_build_alias_set=
ac_cv_env_build_alias_value=
ac_cv_env_host_alias_set=
ac_cv_env_host_alias_value=
ac_cv_env_target_alias_set=
ac_cv_env_target_alias_value=
ac_cv_objext=o
ac_cv_path_install='/usr/bin/install -c'
ac_cv_path_mkdir=/bin/mkdir
ac_cv_prog_AWK=gawk
ac_cv_prog_ac_ct_CC=gcc
ac_cv_prog_cc_c89=
ac_cv_prog_cc_g=yes
ac_cv_prog_make_make_set=yes
am_cv_CC_dependencies_compiler_type=gcc3

## ----------------- ##
## Output variables. ##
## ----------------- ##

ACLOCAL='${SHELL} /home/obale/sourcecode/myprograms/thinkpad/branches/devAutoconf/missing --run aclocal-1.10'
AMDEPBACKSLASH='\'
AMDEP_FALSE='#'
AMDEP_TRUE=''
AMTAR='${SHELL} /home/obale/sourcecode/myprograms/thinkpad/branches/devAutoconf/missing --run tar'
AUTOCONF='${SHELL} /home/obale/sourcecode/myprograms/thinkpad/branches/devAutoconf/missing --run autoconf'
AUTOHEADER='${SHELL} /home/obale/sourcecode/myprograms/thinkpad/branches/devAutoconf/missing --run autoheader'
AUTOMAKE='${SHELL} /home/obale/sourcecode/myprograms/thinkpad/branches/devAutoconf/missing --run automake-1.10'
AWK='gawk'
CC='gcc'
CCDEPMODE='depmode=gcc3'
CFLAGS='-g -O2'
CPPFLAGS=''
CYGPATH_W='echo'
DEFS='-DHAVE_CONFIG_H'
DEPDIR='.deps'
ECHO_C=''
ECHO_N='-n'
ECHO_T=''
EXEEXT=''
INSTALL_DATA='${INSTALL} -m 644'
INSTALL_PROGRAM='${INSTALL}'
INSTALL_SCRIPT='${INSTALL}'
INSTALL_STRIP_PROGRAM='$(install_sh) -c -s'
LDFLAGS=''
LIBOBJS=''
LIBS=''
LTLIBOBJS=''
MAKEINFO='${SHELL} /home/obale/sourcecode/myprograms/thinkpad/branches/devAutoconf/missing --run makeinfo'
OBJEXT='o'
PACKAGE='thinkpad'
PACKAGE_BUGREPORT='oberhauseralex@gmx.de'
PACKAGE_NAME='thinkpad'
PACKAGE_STRING='thinkpad 0.1'
PACKAGE_TARNAME='thinkpad'
PACKAGE_VERSION='0.1'
PATH_SEPARATOR=':'
SET_MAKE=''
SHELL='/bin/sh'
STRIP=''
VERSION='0.1'
ac_ct_CC='gcc'
am__fastdepCC_FALSE='#'
am__fastdepCC_TRUE=''
am__include='include'
am__isrc=''
am__leading_dot='.'
am__quote=''
am__tar='${AMTAR} chof - "$$tardir"'
am__untar='${AMTAR} xf -'
bindir='${exec_prefix}/bin'
build_alias=''
datadir='${datarootdir}'
datarootdir='${prefix}/share'
docdir='${datarootdir}/doc/${PACKAGE_TARNAME}'
dvidir='${docdir}'
exec_prefix='${prefix}'
host_alias=''
htmldir='${docdir}'
includedir='${prefix}/include'
infodir='${datarootdir}/info'
install_sh='$(SHELL) /home/obale/sourcecode/myprograms/thinkpad/branches/devAutoconf/install-sh'
libdir='${exec_prefix}/lib'
libexecdir='${exec_prefix}/libexec'
localedir='${datarootdir}/locale'
localstatedir='${prefix}/var'
mandir='${datarootdir}/man'
mkdir_p='/bin/mkdir -p'
oldincludedir='/usr/include'
pdfdir='${docdir}'
prefix='/usr/local'
program_transform_name='s,x,x,'
psdir='${docdir}'
sbindir='${exec_prefix}/sbin'
sharedstatedir='${prefix}/com'
sysconfdir='${prefix}/etc'
target_alias=''

## ----------- ##
## confdefs.h. ##
## ----------- ##

#define PACKAGE_NAME "thinkpad"
#define PACKAGE_TARNAME "thinkpad"
#define PACKAGE_VERSION "0.1"
#define PACKAGE_STRING "thinkpad 0.1"
#define PACKAGE_BUGREPORT "oberhauseralex@gmx.de"
#define PACKAGE "thinkpad"
#define VERSION "0.1"

configure: exit 0
